0 info it worked if it ends with ok
1 verbose cli [ '/usr/bin/node',
1 verbose cli   '/usr/bin/npm',
1 verbose cli   'install',
1 verbose cli   'angularjs-scoll-glue',
1 verbose cli   '--save' ]
2 info using npm@1.3.24
3 info using node@v0.10.25
4 warn package.json chatserver@0.0.1 No repository field.
5 verbose readDependencies using package.json deps
6 verbose cache add [ 'angularjs-scoll-glue', null ]
7 verbose cache add name=undefined spec="angularjs-scoll-glue" args=["angularjs-scoll-glue",null]
8 verbose parsed url { protocol: null,
8 verbose parsed url   slashes: null,
8 verbose parsed url   auth: null,
8 verbose parsed url   host: null,
8 verbose parsed url   port: null,
8 verbose parsed url   hostname: null,
8 verbose parsed url   hash: null,
8 verbose parsed url   search: null,
8 verbose parsed url   query: null,
8 verbose parsed url   pathname: 'angularjs-scoll-glue',
8 verbose parsed url   path: 'angularjs-scoll-glue',
8 verbose parsed url   href: 'angularjs-scoll-glue' }
9 silly lockFile 42bc41a5-angularjs-scoll-glue angularjs-scoll-glue
10 verbose lock angularjs-scoll-glue /home/ragnar/.npm/42bc41a5-angularjs-scoll-glue.lock
11 silly lockFile 42bc41a5-angularjs-scoll-glue angularjs-scoll-glue
12 silly lockFile 42bc41a5-angularjs-scoll-glue angularjs-scoll-glue
13 verbose addNamed [ 'angularjs-scoll-glue', '' ]
14 verbose addNamed [ null, '*' ]
15 silly lockFile 44e19d92-angularjs-scoll-glue angularjs-scoll-glue@
16 verbose lock angularjs-scoll-glue@ /home/ragnar/.npm/44e19d92-angularjs-scoll-glue.lock
17 silly addNameRange { name: 'angularjs-scoll-glue', range: '*', hasData: false }
18 verbose url raw angularjs-scoll-glue
19 verbose url resolving [ 'https://registry.npmjs.org/', './angularjs-scoll-glue' ]
20 verbose url resolved https://registry.npmjs.org/angularjs-scoll-glue
21 info trying registry request attempt 1 at 16:14:20
22 http GET https://registry.npmjs.org/angularjs-scoll-glue
23 http 404 https://registry.npmjs.org/angularjs-scoll-glue
24 silly registry.get cb [ 404,
24 silly registry.get   { date: 'Tue, 25 Feb 2014 16:14:21 GMT',
24 silly registry.get     server: 'CouchDB/1.5.0 (Erlang OTP/R16B)',
24 silly registry.get     'content-type': 'application/json',
24 silly registry.get     via: '1.1 varnish',
24 silly registry.get     'cache-control': 'max-age=0',
24 silly registry.get     'content-length': '52',
24 silly registry.get     'accept-ranges': 'bytes',
24 silly registry.get     age: '0',
24 silly registry.get     'x-served-by': 'cache-v43-ASH, cache-lo83-LHR',
24 silly registry.get     'x-cache': 'MISS, MISS',
24 silly registry.get     'x-cache-hits': '0, 0',
24 silly registry.get     'x-timer': 'S1393344861.567443132,VS0,VS31,VE53,VE100',
24 silly registry.get     'keep-alive': 'timeout=10, max=50',
24 silly registry.get     connection: 'Keep-Alive' } ]
25 silly lockFile 44e19d92-angularjs-scoll-glue angularjs-scoll-glue@
26 silly lockFile 44e19d92-angularjs-scoll-glue angularjs-scoll-glue@
27 error 404 'angularjs-scoll-glue' is not in the npm registry.
27 error 404 You should bug the author to publish it
27 error 404 It was specified as a dependency of 'chatserver'
27 error 404
27 error 404 Note that you can also install from a
27 error 404 tarball, folder, or http url, or git url.
28 error System Linux 3.12.9-2-ARCH
29 error command "/usr/bin/node" "/usr/bin/npm" "install" "angularjs-scoll-glue" "--save"
30 error cwd /home/ragnar/Documents/Skóli/HR/V14/Vefforitun/angularjs-vef2
31 error node -v v0.10.25
32 error npm -v 1.3.24
33 error code E404
34 verbose exit [ 1, true ]
